# JRE version: Java(TM) SE Runtime Environment (8.0_31-b13) (build 1.8.0_31-b13)
# Java VM: Java HotSpot(TM) 64-Bit Server VM (25.31-b07 mixed mode windows-amd64 compressed oops)
Heap:
 PSYoungGen      total 70656K, used 70629K [0x00000000eab00000, 0x00000000efb00000, 0x0000000100000000)
  eden space 62464K, 100% used [0x00000000eab00000,0x00000000ee800000,0x00000000ee800000)
  from space 8192K, 99% used [0x00000000ef100000,0x00000000ef8f9608,0x00000000ef900000)
  to   space 9216K, 0% used [0x00000000ee800000,0x00000000ee800000,0x00000000ef100000)
 ParOldGen       total 42496K, used 30740K [0x00000000c0000000, 0x00000000c2980000, 0x00000000eab00000)
  object space 42496K, 72% used [0x00000000c0000000,0x00000000c1e05270,0x00000000c2980000)
 Metaspace       used 7782K, capacity 8202K, committed 8320K, reserved 1056768K
  class space    used 757K, capacity 821K, committed 896K, reserved 1048576K
GC Heap History (10 events):
Event: 3.084 GC heap before
{Heap before GC invocations=5 (full 0):
 PSYoungGen      total 34304K, used 34157K [0x00000000eab00000, 0x00000000ecf00000, 0x0000000100000000)
  eden space 31744K, 100% used [0x00000000eab00000,0x00000000eca00000,0x00000000eca00000)
  from space 2560K, 94% used [0x00000000ecc80000,0x00000000ecedb6e8,0x00000000ecf00000)
  to   space 2560K, 0% used [0x00000000eca00000,0x00000000eca00000,0x00000000ecc80000)
 ParOldGen       total 42496K, used 15121K [0x00000000c0000000, 0x00000000c2980000, 0x00000000eab00000)
  object space 42496K, 35% used [0x00000000c0000000,0x00000000c0ec44f8,0x00000000c2980000)
 Metaspace       used 7639K, capacity 8100K, committed 8320K, reserved 1056768K
  class space    used 748K, capacity 788K, committed 896K, reserved 1048576K
Event: 3.104 GC heap after
Heap after GC invocations=5 (full 0):
 PSYoungGen      total 34304K, used 2533K [0x00000000eab00000, 0x00000000ef900000, 0x0000000100000000)
  eden space 31744K, 0% used [0x00000000eab00000,0x00000000eab00000,0x00000000eca00000)
  from space 2560K, 98% used [0x00000000eca00000,0x00000000ecc79518,0x00000000ecc80000)
  to   space 8192K, 0% used [0x00000000ef100000,0x00000000ef100000,0x00000000ef900000)
 ParOldGen       total 42496K, used 18312K [0x00000000c0000000, 0x00000000c2980000, 0x00000000eab00000)
  object space 42496K, 43% used [0x00000000c0000000,0x00000000c11e2168,0x00000000c2980000)
 Metaspace       used 7639K, capacity 8100K, committed 8320K, reserved 1056768K
  class space    used 748K, capacity 788K, committed 896K, reserved 1048576K
}
Event: 3.290 GC heap before
{Heap before GC invocations=6 (full 0):
 PSYoungGen      total 34304K, used 34277K [0x00000000eab00000, 0x00000000ef900000, 0x0000000100000000)
  eden space 31744K, 100% used [0x00000000eab00000,0x00000000eca00000,0x00000000eca00000)
  from space 2560K, 98% used [0x00000000eca00000,0x00000000ecc79518,0x00000000ecc80000)
  to   space 8192K, 0% used [0x00000000ef100000,0x00000000ef100000,0x00000000ef900000)
 ParOldGen       total 42496K, used 18312K [0x00000000c0000000, 0x00000000c2980000, 0x00000000eab00000)
  object space 42496K, 43% used [0x00000000c0000000,0x00000000c11e2168,0x00000000c2980000)
 Metaspace       used 7672K, capacity 8100K, committed 8320K, reserved 1056768K
  class space    used 748K, capacity 788K, committed 896K, reserved 1048576K
Event: 3.303 GC heap after
Heap after GC invocations=6 (full 0):
 PSYoungGen      total 70656K, used 8151K [0x00000000eab00000, 0x00000000efb00000, 0x0000000100000000)
  eden space 62464K, 0% used [0x00000000eab00000,0x00000000eab00000,0x00000000ee800000)
  from space 8192K, 99% used [0x00000000ef100000,0x00000000ef8f5e10,0x00000000ef900000)
  to   space 9216K, 0% used [0x00000000ee800000,0x00000000ee800000,0x00000000ef100000)
 ParOldGen       total 42496K, used 18312K [0x00000000c0000000, 0x00000000c2980000, 0x00000000eab00000)
  object space 42496K, 43% used [0x00000000c0000000,0x00000000c11e2168,0x00000000c2980000)
 Metaspace       used 7672K, capacity 8100K, committed 8320K, reserved 1056768K
  class space    used 748K, capacity 788K, committed 896K, reserved 1048576K
}
Event: 3.613 GC heap before
{Heap before GC invocations=7 (full 0):
 PSYoungGen      total 70656K, used 70615K [0x00000000eab00000, 0x00000000efb00000, 0x0000000100000000)
  eden space 62464K, 100% used [0x00000000eab00000,0x00000000ee800000,0x00000000ee800000)
  from space 8192K, 99% used [0x00000000ef100000,0x00000000ef8f5e10,0x00000000ef900000)
  to   space 9216K, 0% used [0x00000000ee800000,0x00000000ee800000,0x00000000ef100000)
 ParOldGen       total 42496K, used 18312K [0x00000000c0000000, 0x00000000c2980000, 0x00000000eab00000)
  object space 42496K, 43% used [0x00000000c0000000,0x00000000c11e2168,0x00000000c2980000)
 Metaspace       used 7771K, capacity 8202K, committed 8320K, reserved 1056768K
  class space    used 757K, capacity 821K, committed 896K, reserved 1048576K
Event: 3.658 GC heap after
Heap after GC invocations=7 (full 0):
 PSYoungGen      total 71680K, used 5401K [0x00000000eab00000, 0x00000000efb00000, 0x0000000100000000)
  eden space 62464K, 0% used [0x00000000eab00000,0x00000000eab00000,0x00000000ee800000)
  from space 9216K, 58% used [0x00000000ee800000,0x00000000eed46570,0x00000000ef100000)
  to   space 8192K, 0% used [0x00000000ef100000,0x00000000ef100000,0x00000000ef900000)
 ParOldGen       total 42496K, used 19920K [0x00000000c0000000, 0x00000000c2980000, 0x00000000eab00000)
  object space 42496K, 46% used [0x00000000c0000000,0x00000000c1374328,0x00000000c2980000)
 Metaspace       used 7771K, capacity 8202K, committed 8320K, reserved 1056768K
  class space    used 757K, capacity 821K, committed 896K, reserved 1048576K
}
Event: 3.887 GC heap before
{Heap before GC invocations=8 (full 0):
 PSYoungGen      total 71680K, used 67865K [0x00000000eab00000, 0x00000000efb00000, 0x0000000100000000)
  eden space 62464K, 100% used [0x00000000eab00000,0x00000000ee800000,0x00000000ee800000)
  from space 9216K, 58% used [0x00000000ee800000,0x00000000eed46570,0x00000000ef100000)
  to   space 8192K, 0% used [0x00000000ef100000,0x00000000ef100000,0x00000000ef900000)
 ParOldGen       total 42496K, used 19920K [0x00000000c0000000, 0x00000000c2980000, 0x00000000eab00000)
  object space 42496K, 46% used [0x00000000c0000000,0x00000000c1374328,0x00000000c2980000)
 Metaspace       used 7779K, capacity 8202K, committed 8320K, reserved 1056768K
  class space    used 757K, capacity 821K, committed 896K, reserved 1048576K
Event: 3.892 GC heap after
Heap after GC invocations=8 (full 0):
 PSYoungGen      total 70656K, used 6597K [0x00000000eab00000, 0x00000000efb00000, 0x0000000100000000)
  eden space 62464K, 0% used [0x00000000eab00000,0x00000000eab00000,0x00000000ee800000)
  from space 8192K, 80% used [0x00000000ef100000,0x00000000ef771468,0x00000000ef900000)
  to   space 9216K, 0% used [0x00000000ee800000,0x00000000ee800000,0x00000000ef100000)
 ParOldGen       total 42496K, used 22237K [0x00000000c0000000, 0x00000000c2980000, 0x00000000eab00000)
  object space 42496K, 52% used [0x00000000c0000000,0x00000000c15b76f8,0x00000000c2980000)
 Metaspace       used 7779K, capacity 8202K, committed 8320K, reserved 1056768K
  class space    used 757K, capacity 821K, committed 896K, reserved 1048576K
}
Event: 4.099 GC heap before
{Heap before GC invocations=9 (full 0):
 PSYoungGen      total 70656K, used 65227K [0x00000000eab00000, 0x00000000efb00000, 0x0000000100000000)
  eden space 62464K, 93% used [0x00000000eab00000,0x00000000ee4417c8,0x00000000ee800000)
  from space 8192K, 80% used [0x00000000ef100000,0x00000000ef771468,0x00000000ef900000)
  to   space 9216K, 0% used [0x00000000ee800000,0x00000000ee800000,0x00000000ef100000)
 ParOldGen       total 42496K, used 22237K [0x00000000c0000000, 0x00000000c2980000, 0x00000000eab00000)
  object space 42496K, 52% used [0x00000000c0000000,0x00000000c15b76f8,0x00000000c2980000)
 Metaspace       used 7780K, capacity 8202K, committed 8320K, reserved 1056768K
  class space    used 757K, capacity 821K, committed 896K, reserved 1048576K
Event: 4.134 GC heap after
Heap after GC invocations=9 (full 0):
 PSYoungGen      total 71680K, used 5582K [0x00000000eab00000, 0x00000000efb00000, 0x0000000100000000)
  eden space 62464K, 0% used [0x00000000eab00000,0x00000000eab00000,0x00000000ee800000)
  from space 9216K, 60% used [0x00000000ee800000,0x00000000eed73be0,0x00000000ef100000)
  to   space 8192K, 0% used [0x00000000ef100000,0x00000000ef100000,0x00000000ef900000)
 ParOldGen       total 42496K, used 23256K [0x00000000c0000000, 0x00000000c2980000, 0x00000000eab00000)
  object space 42496K, 54% used [0x00000000c0000000,0x00000000c16b6210,0x00000000c2980000)
 Metaspace       used 7780K, capacity 8202K, committed 8320K, reserved 1056768K
  class space    used 757K, capacity 821K, committed 896K, reserved 1048576K
}

